# JRE version: Java(TM) SE Runtime Environment (21.0.3+7) (build 21.0.3+7-LTS-152)
# Java VM: Java HotSpot(TM) 64-Bit Server VM (21.0.3+7-LTS-152, mixed mode, sharing, tiered, compressed oops, compressed class ptrs, g1 gc, windows-amd64)
GC Precious Log:
 CardTable entry size: 512
 Card Set container configuration: InlinePtr #cards 5 size 8 Array Of Cards #cards 12 size 40 Howl #buckets 4 coarsen threshold 1843 Howl Bitmap #cards 512 size 80 coarsen threshold 460 Card regions per heap region 1 cards per card region 2048
 CPUs: 8 total, 8 available
 Memory: 6090M
 Large Page Support: Disabled
 NUMA Support: Disabled
 Compressed Oops: Enabled (32-bit)
 Heap Region Size: 1M
 Heap Min Capacity: 8M
 Heap Initial Capacity: 96M
 Heap Max Capacity: 1524M
 Pre-touch: Disabled
 Parallel Workers: 8
 Concurrent Workers: 2
 Concurrent Refinement Workers: 8
 Periodic GC: Disabled
Heap:
 garbage-first heap   total 70656K, used 56232K [0x00000000a0c00000, 0x0000000100000000)
  region size 1024K, 30 young (30720K), 3 survivors (3072K)
 Metaspace       used 71942K, committed 72640K, reserved 1114112K
  class space    used 9714K, committed 10048K, reserved 1048576K
GC Heap History (20 events):
Event: 1.669 GC heap before
{Heap before GC invocations=1 (full 0):
 garbage-first heap   total 98304K, used 33763K [0x00000000a0c00000, 0x0000000100000000)
  region size 1024K, 29 young (29696K), 3 survivors (3072K)
 Metaspace       used 13370K, committed 13632K, reserved 1114112K
  class space    used 1621K, committed 1728K, reserved 1048576K
}
Event: 1.675 GC heap after
{Heap after GC invocations=2 (full 0):
 garbage-first heap   total 98304K, used 10958K [0x00000000a0c00000, 0x0000000100000000)
  region size 1024K, 3 young (3072K), 3 survivors (3072K)
 Metaspace       used 13370K, committed 13632K, reserved 1114112K
  class space    used 1621K, committed 1728K, reserved 1048576K
}
Event: 3.108 GC heap before
{Heap before GC invocations=2 (full 0):
 garbage-first heap   total 98304K, used 58062K [0x00000000a0c00000, 0x0000000100000000)
  region size 1024K, 51 young (52224K), 3 survivors (3072K)
 Metaspace       used 21227K, committed 21504K, reserved 1114112K
  class space    used 2598K, committed 2752K, reserved 1048576K
}
Event: 3.119 GC heap after
{Heap after GC invocations=3 (full 0):
 garbage-first heap   total 98304K, used 15358K [0x00000000a0c00000, 0x0000000100000000)
  region size 1024K, 7 young (7168K), 7 survivors (7168K)
 Metaspace       used 21227K, committed 21504K, reserved 1114112K
  class space    used 2598K, committed 2752K, reserved 1048576K
}
Event: 4.139 GC heap before
{Heap before GC invocations=4 (full 0):
 garbage-first heap   total 58368K, used 43006K [0x00000000a0c00000, 0x0000000100000000)
  region size 1024K, 34 young (34816K), 7 survivors (7168K)
 Metaspace       used 27044K, committed 27456K, reserved 1114112K
  class space    used 3390K, committed 3584K, reserved 1048576K
}
Event: 4.154 GC heap after
{Heap after GC invocations=5 (full 0):
 garbage-first heap   total 58368K, used 18150K [0x00000000a0c00000, 0x0000000100000000)
  region size 1024K, 3 young (3072K), 3 survivors (3072K)
 Metaspace       used 27044K, committed 27456K, reserved 1114112K
  class space    used 3390K, committed 3584K, reserved 1048576K
}
Event: 4.946 GC heap before
{Heap before GC invocations=5 (full 0):
 garbage-first heap   total 58368K, used 43750K [0x00000000a0c00000, 0x0000000100000000)
  region size 1024K, 28 young (28672K), 3 survivors (3072K)
 Metaspace       used 31360K, committed 31872K, reserved 1114112K
  class space    used 3935K, committed 4160K, reserved 1048576K
}
Event: 4.958 GC heap after
{Heap after GC invocations=6 (full 0):
 garbage-first heap   total 58368K, used 19930K [0x00000000a0c00000, 0x0000000100000000)
  region size 1024K, 2 young (2048K), 2 survivors (2048K)
 Metaspace       used 31360K, committed 31872K, reserved 1114112K
  class space    used 3935K, committed 4160K, reserved 1048576K
}
Event: 5.333 GC heap before
{Heap before GC invocations=6 (full 0):
 garbage-first heap   total 58368K, used 30170K [0x00000000a0c00000, 0x0000000100000000)
  region size 1024K, 14 young (14336K), 2 survivors (2048K)
 Metaspace       used 35541K, committed 35968K, reserved 1114112K
  class space    used 4392K, committed 4608K, reserved 1048576K
}
Event: 5.338 GC heap after
{Heap after GC invocations=7 (full 0):
 garbage-first heap   total 70656K, used 20828K [0x00000000a0c00000, 0x0000000100000000)
  region size 1024K, 3 young (3072K), 3 survivors (3072K)
 Metaspace       used 35541K, committed 35968K, reserved 1114112K
  class space    used 4392K, committed 4608K, reserved 1048576K
}
Event: 6.708 GC heap before
{Heap before GC invocations=8 (full 0):
 garbage-first heap   total 70656K, used 56668K [0x00000000a0c00000, 0x0000000100000000)
  region size 1024K, 38 young (38912K), 3 survivors (3072K)
 Metaspace       used 43047K, committed 43584K, reserved 1114112K
  class space    used 5431K, committed 5632K, reserved 1048576K
}
Event: 6.714 GC heap after
{Heap after GC invocations=9 (full 0):
 garbage-first heap   total 70656K, used 23440K [0x00000000a0c00000, 0x0000000100000000)
  region size 1024K, 4 young (4096K), 4 survivors (4096K)
 Metaspace       used 43047K, committed 43584K, reserved 1114112K
  class space    used 5431K, committed 5632K, reserved 1048576K
}
Event: 7.989 GC heap before
{Heap before GC invocations=9 (full 0):
 garbage-first heap   total 70656K, used 58256K [0x00000000a0c00000, 0x0000000100000000)
  region size 1024K, 39 young (39936K), 4 survivors (4096K)
 Metaspace       used 54227K, committed 54784K, reserved 1114112K
  class space    used 7080K, committed 7360K, reserved 1048576K
}
Event: 7.996 GC heap after
{Heap after GC invocations=10 (full 0):
 garbage-first heap   total 70656K, used 24514K [0x00000000a0c00000, 0x0000000100000000)
  region size 1024K, 4 young (4096K), 4 survivors (4096K)
 Metaspace       used 54227K, committed 54784K, reserved 1114112K
  class space    used 7080K, committed 7360K, reserved 1048576K
}
Event: 8.759 GC heap before
{Heap before GC invocations=10 (full 0):
 garbage-first heap   total 70656K, used 46018K [0x00000000a0c00000, 0x0000000100000000)
  region size 1024K, 26 young (26624K), 4 survivors (4096K)
 Metaspace       used 60119K, committed 60736K, reserved 1114112K
  class space    used 8087K, committed 8384K, reserved 1048576K
}
Event: 8.765 GC heap after
{Heap after GC invocations=11 (full 0):
 garbage-first heap   total 70656K, used 25629K [0x00000000a0c00000, 0x0000000100000000)
  region size 1024K, 3 young (3072K), 3 survivors (3072K)
 Metaspace       used 60119K, committed 60736K, reserved 1114112K
  class space    used 8087K, committed 8384K, reserved 1048576K
}
Event: 9.733 GC heap before
{Heap before GC invocations=12 (full 0):
 garbage-first heap   total 70656K, used 61469K [0x00000000a0c00000, 0x0000000100000000)
  region size 1024K, 38 young (38912K), 3 survivors (3072K)
 Metaspace       used 64617K, committed 65280K, reserved 1114112K
  class space    used 8720K, committed 9024K, reserved 1048576K
}
Event: 9.740 GC heap after
{Heap after GC invocations=13 (full 0):
 garbage-first heap   total 70656K, used 28555K [0x00000000a0c00000, 0x0000000100000000)
  region size 1024K, 4 young (4096K), 4 survivors (4096K)
 Metaspace       used 64617K, committed 65280K, reserved 1114112K
  class space    used 8720K, committed 9024K, reserved 1048576K
}
Event: 10.381 GC heap before
{Heap before GC invocations=13 (full 0):
 garbage-first heap   total 70656K, used 62347K [0x00000000a0c00000, 0x0000000100000000)
  region size 1024K, 37 young (37888K), 4 survivors (4096K)
 Metaspace       used 66576K, committed 67264K, reserved 1114112K
  class space    used 8999K, committed 9344K, reserved 1048576K
}
Event: 10.389 GC heap after
{Heap after GC invocations=14 (full 0):
 garbage-first heap   total 70656K, used 30632K [0x00000000a0c00000, 0x0000000100000000)
  region size 1024K, 3 young (3072K), 3 survivors (3072K)
 Metaspace       used 66576K, committed 67264K, reserved 1114112K
  class space    used 8999K, committed 9344K, reserved 1048576K
}

