# JRE version: Java(TM) SE Runtime Environment (21.0.3+7) (build 21.0.3+7-LTS-152)
# Java VM: Java HotSpot(TM) 64-Bit Server VM (21.0.3+7-LTS-152, mixed mode, sharing, tiered, compressed oops, compressed class ptrs, g1 gc, windows-amd64)
GC Precious Log:
 CardTable entry size: 512
 Card Set container configuration: InlinePtr #cards 5 size 8 Array Of Cards #cards 12 size 40 Howl #buckets 4 coarsen threshold 1843 Howl Bitmap #cards 512 size 80 coarsen threshold 460 Card regions per heap region 1 cards per card region 2048
 CPUs: 8 total, 8 available
 Memory: 6090M
 Large Page Support: Disabled
 NUMA Support: Disabled
 Compressed Oops: Enabled (32-bit)
 Heap Region Size: 1M
 Heap Min Capacity: 8M
 Heap Initial Capacity: 96M
 Heap Max Capacity: 1524M
 Pre-touch: Disabled
 Parallel Workers: 8
 Concurrent Workers: 2
 Concurrent Refinement Workers: 8
 Periodic GC: Disabled
Heap:
 garbage-first heap   total 66560K, used 48899K [0x00000000a0c00000, 0x0000000100000000)
  region size 1024K, 22 young (22528K), 3 survivors (3072K)
 Metaspace       used 73900K, committed 74624K, reserved 1114112K
  class space    used 10037K, committed 10368K, reserved 1048576K
GC Heap History (20 events):
Event: 2.856 GC heap before
{Heap before GC invocations=2 (full 0):
 garbage-first heap   total 98304K, used 57804K [0x00000000a0c00000, 0x0000000100000000)
  region size 1024K, 51 young (52224K), 3 survivors (3072K)
 Metaspace       used 21203K, committed 21504K, reserved 1114112K
  class space    used 2596K, committed 2752K, reserved 1048576K
}
Event: 2.868 GC heap after
{Heap after GC invocations=3 (full 0):
 garbage-first heap   total 98304K, used 15360K [0x00000000a0c00000, 0x0000000100000000)
  region size 1024K, 7 young (7168K), 7 survivors (7168K)
 Metaspace       used 21203K, committed 21504K, reserved 1114112K
  class space    used 2596K, committed 2752K, reserved 1048576K
}
Event: 3.714 GC heap before
{Heap before GC invocations=4 (full 0):
 garbage-first heap   total 55296K, used 40960K [0x00000000a0c00000, 0x0000000100000000)
  region size 1024K, 32 young (32768K), 7 survivors (7168K)
 Metaspace       used 26470K, committed 26944K, reserved 1114112K
  class space    used 3312K, committed 3520K, reserved 1048576K
}
Event: 3.731 GC heap after
{Heap after GC invocations=5 (full 0):
 garbage-first heap   total 55296K, used 17208K [0x00000000a0c00000, 0x0000000100000000)
  region size 1024K, 3 young (3072K), 3 survivors (3072K)
 Metaspace       used 26470K, committed 26944K, reserved 1114112K
  class space    used 3312K, committed 3520K, reserved 1048576K
}
Event: 4.514 GC heap before
{Heap before GC invocations=5 (full 0):
 garbage-first heap   total 55296K, used 41784K [0x00000000a0c00000, 0x0000000100000000)
  region size 1024K, 27 young (27648K), 3 survivors (3072K)
 Metaspace       used 31189K, committed 31744K, reserved 1114112K
  class space    used 3910K, committed 4160K, reserved 1048576K
}
Event: 4.531 GC heap after
{Heap after GC invocations=6 (full 0):
 garbage-first heap   total 55296K, used 19686K [0x00000000a0c00000, 0x0000000100000000)
  region size 1024K, 3 young (3072K), 3 survivors (3072K)
 Metaspace       used 31189K, committed 31744K, reserved 1114112K
  class space    used 3910K, committed 4160K, reserved 1048576K
}
Event: 4.941 GC heap before
{Heap before GC invocations=6 (full 0):
 garbage-first heap   total 55296K, used 34022K [0x00000000a0c00000, 0x0000000100000000)
  region size 1024K, 19 young (19456K), 3 survivors (3072K)
 Metaspace       used 35518K, committed 35968K, reserved 1114112K
  class space    used 4385K, committed 4608K, reserved 1048576K
}
Event: 4.947 GC heap after
{Heap after GC invocations=7 (full 0):
 garbage-first heap   total 66560K, used 20866K [0x00000000a0c00000, 0x0000000100000000)
  region size 1024K, 4 young (4096K), 4 survivors (4096K)
 Metaspace       used 35518K, committed 35968K, reserved 1114112K
  class space    used 4385K, committed 4608K, reserved 1048576K
}
Event: 6.173 GC heap before
{Heap before GC invocations=8 (full 0):
 garbage-first heap   total 66560K, used 54658K [0x00000000a0c00000, 0x0000000100000000)
  region size 1024K, 37 young (37888K), 4 survivors (4096K)
 Metaspace       used 42432K, committed 43008K, reserved 1114112K
  class space    used 5318K, committed 5568K, reserved 1048576K
}
Event: 6.179 GC heap after
{Heap after GC invocations=9 (full 0):
 garbage-first heap   total 66560K, used 22773K [0x00000000a0c00000, 0x0000000100000000)
  region size 1024K, 4 young (4096K), 4 survivors (4096K)
 Metaspace       used 42432K, committed 43008K, reserved 1114112K
  class space    used 5318K, committed 5568K, reserved 1048576K
}
Event: 7.141 GC heap before
{Heap before GC invocations=9 (full 0):
 garbage-first heap   total 66560K, used 55541K [0x00000000a0c00000, 0x0000000100000000)
  region size 1024K, 36 young (36864K), 4 survivors (4096K)
 Metaspace       used 51575K, committed 52224K, reserved 1114112K
  class space    used 6684K, committed 6976K, reserved 1048576K
}
Event: 7.153 GC heap after
{Heap after GC invocations=10 (full 0):
 garbage-first heap   total 66560K, used 24717K [0x00000000a0c00000, 0x0000000100000000)
  region size 1024K, 4 young (4096K), 4 survivors (4096K)
 Metaspace       used 51575K, committed 52224K, reserved 1114112K
  class space    used 6684K, committed 6976K, reserved 1048576K
}
Event: 7.911 GC heap before
{Heap before GC invocations=10 (full 0):
 garbage-first heap   total 66560K, used 49293K [0x00000000a0c00000, 0x0000000100000000)
  region size 1024K, 29 young (29696K), 4 survivors (4096K)
 Metaspace       used 59777K, committed 60416K, reserved 1114112K
  class space    used 8023K, committed 8320K, reserved 1048576K
}
Event: 7.917 GC heap after
{Heap after GC invocations=11 (full 0):
 garbage-first heap   total 66560K, used 25931K [0x00000000a0c00000, 0x0000000100000000)
  region size 1024K, 4 young (4096K), 4 survivors (4096K)
 Metaspace       used 59777K, committed 60416K, reserved 1114112K
  class space    used 8023K, committed 8320K, reserved 1048576K
}
Event: 8.710 GC heap before
{Heap before GC invocations=12 (full 0):
 garbage-first heap   total 66560K, used 56651K [0x00000000a0c00000, 0x0000000100000000)
  region size 1024K, 34 young (34816K), 4 survivors (4096K)
 Metaspace       used 63451K, committed 64064K, reserved 1114112K
  class space    used 8549K, committed 8832K, reserved 1048576K
}
Event: 8.717 GC heap after
{Heap after GC invocations=13 (full 0):
 garbage-first heap   total 66560K, used 28197K [0x00000000a0c00000, 0x0000000100000000)
  region size 1024K, 4 young (4096K), 4 survivors (4096K)
 Metaspace       used 63451K, committed 64064K, reserved 1114112K
  class space    used 8549K, committed 8832K, reserved 1048576K
}
Event: 9.222 GC heap before
{Heap before GC invocations=13 (full 0):
 garbage-first heap   total 66560K, used 57893K [0x00000000a0c00000, 0x0000000100000000)
  region size 1024K, 33 young (33792K), 4 survivors (4096K)
 Metaspace       used 65406K, committed 65984K, reserved 1114112K
  class space    used 8838K, committed 9088K, reserved 1048576K
}
Event: 9.227 GC heap after
{Heap after GC invocations=14 (full 0):
 garbage-first heap   total 66560K, used 29655K [0x00000000a0c00000, 0x0000000100000000)
  region size 1024K, 5 young (5120K), 5 survivors (5120K)
 Metaspace       used 65406K, committed 65984K, reserved 1114112K
  class space    used 8838K, committed 9088K, reserved 1048576K
}
Event: 35.068 GC heap before
{Heap before GC invocations=14 (full 0):
 garbage-first heap   total 66560K, used 56279K [0x00000000a0c00000, 0x0000000100000000)
  region size 1024K, 31 young (31744K), 5 survivors (5120K)
 Metaspace       used 67608K, committed 68288K, reserved 1114112K
  class space    used 9143K, committed 9472K, reserved 1048576K
}
Event: 35.074 GC heap after
{Heap after GC invocations=15 (full 0):
 garbage-first heap   total 66560K, used 31491K [0x00000000a0c00000, 0x0000000100000000)
  region size 1024K, 3 young (3072K), 3 survivors (3072K)
 Metaspace       used 67608K, committed 68288K, reserved 1114112K
  class space    used 9143K, committed 9472K, reserved 1048576K
}

