# JRE version: Java(TM) SE Runtime Environment (21.0.3+7) (build 21.0.3+7-LTS-152)
# Java VM: Java HotSpot(TM) 64-Bit Server VM (21.0.3+7-LTS-152, mixed mode, sharing, tiered, compressed oops, compressed class ptrs, g1 gc, windows-amd64)
GC Precious Log:
 CardTable entry size: 512
 Card Set container configuration: InlinePtr #cards 5 size 8 Array Of Cards #cards 12 size 40 Howl #buckets 4 coarsen threshold 1843 Howl Bitmap #cards 512 size 80 coarsen threshold 460 Card regions per heap region 1 cards per card region 2048
 CPUs: 8 total, 8 available
 Memory: 6090M
 Large Page Support: Disabled
 NUMA Support: Disabled
 Compressed Oops: Enabled (32-bit)
 Heap Region Size: 1M
 Heap Min Capacity: 8M
 Heap Initial Capacity: 96M
 Heap Max Capacity: 1524M
 Pre-touch: Disabled
 Parallel Workers: 8
 Concurrent Workers: 2
 Concurrent Refinement Workers: 8
 Periodic GC: Disabled
Heap:
 garbage-first heap   total 61440K, used 43143K [0x00000000a0c00000, 0x0000000100000000)
  region size 1024K, 26 young (26624K), 3 survivors (3072K)
 Metaspace       used 41045K, committed 41536K, reserved 1114112K
  class space    used 5124K, committed 5312K, reserved 1048576K
GC Heap History (20 events):
Event: 2.067 GC heap before
{Heap before GC invocations=1 (full 0):
 garbage-first heap   total 98304K, used 37120K [0x00000000a0c00000, 0x0000000100000000)
  region size 1024K, 32 young (32768K), 3 survivors (3072K)
 Metaspace       used 8717K, committed 8896K, reserved 1114112K
  class space    used 956K, committed 1024K, reserved 1048576K
}
Event: 2.075 GC heap after
{Heap after GC invocations=2 (full 0):
 garbage-first heap   total 98304K, used 8726K [0x00000000a0c00000, 0x0000000100000000)
  region size 1024K, 2 young (2048K), 2 survivors (2048K)
 Metaspace       used 8717K, committed 8896K, reserved 1114112K
  class space    used 956K, committed 1024K, reserved 1048576K
}
Event: 3.085 GC heap before
{Heap before GC invocations=2 (full 0):
 garbage-first heap   total 98304K, used 65046K [0x00000000a0c00000, 0x0000000100000000)
  region size 1024K, 57 young (58368K), 2 survivors (2048K)
 Metaspace       used 14830K, committed 15168K, reserved 1114112K
  class space    used 1686K, committed 1856K, reserved 1048576K
}
Event: 3.092 GC heap after
{Heap after GC invocations=3 (full 0):
 garbage-first heap   total 98304K, used 10590K [0x00000000a0c00000, 0x0000000100000000)
  region size 1024K, 4 young (4096K), 4 survivors (4096K)
 Metaspace       used 14830K, committed 15168K, reserved 1114112K
  class space    used 1686K, committed 1856K, reserved 1048576K
}
Event: 3.805 GC heap before
{Heap before GC invocations=3 (full 0):
 garbage-first heap   total 98304K, used 63838K [0x00000000a0c00000, 0x0000000100000000)
  region size 1024K, 57 young (58368K), 4 survivors (4096K)
 Metaspace       used 19875K, committed 20224K, reserved 1114112K
  class space    used 2345K, committed 2496K, reserved 1048576K
}
Event: 3.815 GC heap after
{Heap after GC invocations=4 (full 0):
 garbage-first heap   total 98304K, used 12919K [0x00000000a0c00000, 0x0000000100000000)
  region size 1024K, 6 young (6144K), 6 survivors (6144K)
 Metaspace       used 19875K, committed 20224K, reserved 1114112K
  class space    used 2345K, committed 2496K, reserved 1048576K
}
Event: 4.504 GC heap before
{Heap before GC invocations=4 (full 0):
 garbage-first heap   total 98304K, used 35447K [0x00000000a0c00000, 0x0000000100000000)
  region size 1024K, 29 young (29696K), 6 survivors (6144K)
 Metaspace       used 21214K, committed 21504K, reserved 1114112K
  class space    used 2483K, committed 2624K, reserved 1048576K
}
Event: 4.517 GC heap after
{Heap after GC invocations=5 (full 0):
 garbage-first heap   total 98304K, used 13631K [0x00000000a0c00000, 0x0000000100000000)
  region size 1024K, 5 young (5120K), 5 survivors (5120K)
 Metaspace       used 21214K, committed 21504K, reserved 1114112K
  class space    used 2483K, committed 2624K, reserved 1048576K
}
Event: 5.196 GC heap before
{Heap before GC invocations=6 (full 0):
 garbage-first heap   total 51200K, used 39231K [0x00000000a0c00000, 0x0000000100000000)
  region size 1024K, 30 young (30720K), 5 survivors (5120K)
 Metaspace       used 23058K, committed 23424K, reserved 1114112K
  class space    used 2729K, committed 2880K, reserved 1048576K
}
Event: 5.214 GC heap after
{Heap after GC invocations=7 (full 0):
 garbage-first heap   total 51200K, used 15037K [0x00000000a0c00000, 0x0000000100000000)
  region size 1024K, 3 young (3072K), 3 survivors (3072K)
 Metaspace       used 23058K, committed 23424K, reserved 1114112K
  class space    used 2729K, committed 2880K, reserved 1048576K
}
Event: 6.060 GC heap before
{Heap before GC invocations=7 (full 0):
 garbage-first heap   total 51200K, used 40637K [0x00000000a0c00000, 0x0000000100000000)
  region size 1024K, 29 young (29696K), 3 survivors (3072K)
 Metaspace       used 25405K, committed 25792K, reserved 1114112K
  class space    used 3060K, committed 3200K, reserved 1048576K
}
Event: 6.071 GC heap after
{Heap after GC invocations=8 (full 0):
 garbage-first heap   total 61440K, used 16201K [0x00000000a0c00000, 0x0000000100000000)
  region size 1024K, 3 young (3072K), 3 survivors (3072K)
 Metaspace       used 25405K, committed 25792K, reserved 1114112K
  class space    used 3060K, committed 3200K, reserved 1048576K
}
Event: 7.082 GC heap before
{Heap before GC invocations=8 (full 0):
 garbage-first heap   total 61440K, used 48969K [0x00000000a0c00000, 0x0000000100000000)
  region size 1024K, 36 young (36864K), 3 survivors (3072K)
 Metaspace       used 29091K, committed 29568K, reserved 1114112K
  class space    used 3572K, committed 3776K, reserved 1048576K
}
Event: 7.097 GC heap after
{Heap after GC invocations=9 (full 0):
 garbage-first heap   total 61440K, used 17972K [0x00000000a0c00000, 0x0000000100000000)
  region size 1024K, 4 young (4096K), 4 survivors (4096K)
 Metaspace       used 29091K, committed 29568K, reserved 1114112K
  class space    used 3572K, committed 3776K, reserved 1048576K
}
Event: 8.273 GC heap before
{Heap before GC invocations=9 (full 0):
 garbage-first heap   total 61440K, used 50740K [0x00000000a0c00000, 0x0000000100000000)
  region size 1024K, 36 young (36864K), 4 survivors (4096K)
 Metaspace       used 32461K, committed 33024K, reserved 1114112K
  class space    used 3980K, committed 4224K, reserved 1048576K
}
Event: 8.280 GC heap after
{Heap after GC invocations=10 (full 0):
 garbage-first heap   total 61440K, used 19183K [0x00000000a0c00000, 0x0000000100000000)
  region size 1024K, 4 young (4096K), 4 survivors (4096K)
 Metaspace       used 32461K, committed 33024K, reserved 1114112K
  class space    used 3980K, committed 4224K, reserved 1048576K
}
Event: 9.026 GC heap before
{Heap before GC invocations=10 (full 0):
 garbage-first heap   total 61440K, used 45807K [0x00000000a0c00000, 0x0000000100000000)
  region size 1024K, 32 young (32768K), 4 survivors (4096K)
 Metaspace       used 35510K, committed 35968K, reserved 1114112K
  class space    used 4331K, committed 4544K, reserved 1048576K
}
Event: 9.033 GC heap after
{Heap after GC invocations=11 (full 0):
 garbage-first heap   total 61440K, used 20159K [0x00000000a0c00000, 0x0000000100000000)
  region size 1024K, 3 young (3072K), 3 survivors (3072K)
 Metaspace       used 35510K, committed 35968K, reserved 1114112K
  class space    used 4331K, committed 4544K, reserved 1048576K
}
Event: 10.416 GC heap before
{Heap before GC invocations=12 (full 0):
 garbage-first heap   total 61440K, used 52927K [0x00000000a0c00000, 0x0000000100000000)
  region size 1024K, 36 young (36864K), 3 survivors (3072K)
 Metaspace       used 38910K, committed 39424K, reserved 1114112K
  class space    used 4760K, committed 4992K, reserved 1048576K
}
Event: 10.421 GC heap after
{Heap after GC invocations=13 (full 0):
 garbage-first heap   total 61440K, used 20615K [0x00000000a0c00000, 0x0000000100000000)
  region size 1024K, 3 young (3072K), 3 survivors (3072K)
 Metaspace       used 38910K, committed 39424K, reserved 1114112K
  class space    used 4760K, committed 4992K, reserved 1048576K
}

